* ******************************************************************************

* iCEcube Placer

* Version:            2020.12.27943

* Build Date:         Dec 10 2020 17:35:50

* File Generated:     May 21 2022 22:51:10

* Purpose:            

* Copyright (C) 2006-2010 by Lattice Semiconductor Corp. All rights reserved.

* ******************************************************************************

Executing : /opt/lscc/iCEcube2.2020.12/sbt_backend/bin/linux/opt/sbtplacer --des-lib /home/romuald/Projects/Miniish/Firmware/PPU/work/alchitry_imp/sbt/netlist/oadb-cu_top_0 --outdir /home/romuald/Projects/Miniish/Firmware/PPU/work/alchitry_imp/sbt/outputs/placer --device-file /opt/lscc/iCEcube2.2020.12/sbt_backend/devices/ICE40P08.dev --package CB132 --lib-file /opt/lscc/iCEcube2.2020.12/sbt_backend/devices/ice40HX8K.lib --sdc-file /home/romuald/Projects/Miniish/Firmware/PPU/work/alchitry_imp/sbt/Temp/sbt_temp.sdc --out-sdc-file /home/romuald/Projects/Miniish/Firmware/PPU/work/alchitry_imp/sbt/outputs/placer/cu_top_0_pl.sdc --deviceMarketName iCE40HX8K
I2004: Option and Settings Summary
=============================================================
Device file          - /opt/lscc/iCEcube2.2020.12/sbt_backend/devices/ICE40P08.dev
Package              - CB132
Design database      - /home/romuald/Projects/Miniish/Firmware/PPU/work/alchitry_imp/sbt/netlist/oadb-cu_top_0
SDC file             - /home/romuald/Projects/Miniish/Firmware/PPU/work/alchitry_imp/sbt/Temp/sbt_temp.sdc
Output directory     - /home/romuald/Projects/Miniish/Firmware/PPU/work/alchitry_imp/sbt/outputs/placer
Timing library       - /opt/lscc/iCEcube2.2020.12/sbt_backend/devices/ice40HX8K.lib
Effort level         - std

I2050: Starting reading inputs for placer
=============================================================
I2100: Reading design library: /home/romuald/Projects/Miniish/Firmware/PPU/work/alchitry_imp/sbt/netlist/oadb-cu_top_0/BFPGA_DESIGN_ep
I2065: Reading device file : /opt/lscc/iCEcube2.2020.12/sbt_backend/devices/ICE40P08.dev
I2051: Reading of inputs for placer completed successfully

I2053: Starting placement of the design
=============================================================

Input Design Statistics
    Number of LUTs      	:	505
    Number of DFFs      	:	114
    Number of DFFs packed to IO	:	0
    Number of Carrys    	:	82
    Number of RAMs      	:	17
    Number of ROMs      	:	0
    Number of IOs       	:	43
    Number of GBIOs     	:	1
    Number of GBs       	:	3
    Number of WarmBoot  	:	0
    Number of PLLs      	:	0


Phase 1
I2077: Start design legalization

Design Legalization Statistics
    Number of feedthru LUTs inserted to legalize input of DFFs     	:	6
    Number of feedthru LUTs inserted for LUTs driving multiple DFFs	:	20
    Number of LUTs replicated for LUTs driving multiple DFFs       	:	2
    Number of feedthru LUTs inserted to legalize output of CARRYs  	:	2
    Number of feedthru LUTs inserted to legalize global signals    	:	0
    Number of feedthru CARRYs inserted to legalize input of CARRYs 	:	0
    Number of inserted LUTs to Legalize IOs with PIN_TYPE= 01xxxx  	:	0
    Number of inserted LUTs to Legalize IOs with PIN_TYPE= 10xxxx  	:	0
    Number of inserted LUTs to Legalize IOs with PIN_TYPE= 11xxxx  	:	0
    Total LUTs inserted                                            	:	30
    Total CARRYs inserted                                          	:	0


I2078: Design legalization is completed successfully
I2088: Phase 1, elapsed time : 0.0 (sec)


Phase 2
I2088: Phase 2, elapsed time : 0.0 (sec)

Phase 3
Warning-1034: Found non-unate timing arc, from pin "in1" to pin "lcout" of instance "this_vga_signals.M_hcounter_q_esr_RNICJJV[9]_LC_215", in the clock network. Converting the timing arc to positive-unate
Warning-1034: Found non-unate timing arc, from pin "in2" to pin "lcout" of instance "this_vga_signals.M_hcounter_q_esr_RNICJJV[9]_LC_215", in the clock network. Converting the timing arc to positive-unate
Warning-1034: Found non-unate timing arc, from pin "in3" to pin "lcout" of instance "this_vga_signals.M_hcounter_q_esr_RNICJJV[9]_LC_215", in the clock network. Converting the timing arc to positive-unate
Warning-1034: Found non-unate timing arc, from pin "in0" to pin "lcout" of instance "this_vga_signals.un4_pcounter.if_generate_plus.mult1_un40_sum_axb_1_l_fx_LC_383", in the clock network. Converting the timing arc to positive-unate
Warning-1034: Found non-unate timing arc, from pin "in0" to pin "lcout" of instance "this_vga_signals.un4_pcounter.if_generate_plus.mult1_un40_sum_axb_2_l_fx_LC_385", in the clock network. Converting the timing arc to positive-unate
Warning-1034: Found non-unate timing arc, from pin "in1" to pin "lcout" of instance "this_vga_signals.un4_pcounter.if_generate_plus.mult1_un40_sum_cry_1_s_LC_386", in the clock network. Converting the timing arc to positive-unate
Warning-1034: Found non-unate timing arc, from pin "in2" to pin "lcout" of instance "this_vga_signals.un4_pcounter.if_generate_plus.mult1_un40_sum_cry_1_s_LC_386", in the clock network. Converting the timing arc to positive-unate
Warning-1034: Found non-unate timing arc, from pin "in3" to pin "lcout" of instance "this_vga_signals.un4_pcounter.if_generate_plus.mult1_un40_sum_cry_1_s_LC_386", in the clock network. Converting the timing arc to positive-unate
Warning-1034: Found non-unate timing arc, from pin "in0" to pin "lcout" of instance "this_vga_signals.un4_pcounter.if_generate_plus.mult1_un47_sum_axb_3_LC_389", in the clock network. Converting the timing arc to positive-unate
Warning-1034: Found non-unate timing arc, from pin "in1" to pin "lcout" of instance "this_vga_signals.un4_pcounter.if_generate_plus.mult1_un47_sum_axb_3_LC_389", in the clock network. Converting the timing arc to positive-unate
Warning-1034: Found non-unate timing arc, from pin "in2" to pin "lcout" of instance "this_vga_signals.un4_pcounter.if_generate_plus.mult1_un47_sum_axb_3_LC_389", in the clock network. Converting the timing arc to positive-unate
Warning-1034: Found non-unate timing arc, from pin "in3" to pin "lcout" of instance "this_vga_signals.un4_pcounter.if_generate_plus.mult1_un47_sum_axb_3_LC_389", in the clock network. Converting the timing arc to positive-unate
Warning-1034: Found non-unate timing arc, from pin "in2" to pin "lcout" of instance "this_vga_signals.un4_pcounter.if_generate_plus.mult1_un47_sum_cry_1_s_LC_390", in the clock network. Converting the timing arc to positive-unate
Warning-1034: Found non-unate timing arc, from pin "in3" to pin "lcout" of instance "this_vga_signals.un4_pcounter.if_generate_plus.mult1_un47_sum_cry_1_s_LC_390", in the clock network. Converting the timing arc to positive-unate
Warning-1034: Found non-unate timing arc, from pin "in0" to pin "lcout" of instance "this_vga_signals.un4_pcounter.if_generate_plus.mult1_un47_sum_s_3_LC_391", in the clock network. Converting the timing arc to positive-unate
Warning-1034: Found non-unate timing arc, from pin "in3" to pin "lcout" of instance "this_vga_signals.un4_pcounter.if_generate_plus.mult1_un47_sum_s_3_LC_391", in the clock network. Converting the timing arc to positive-unate
Warning-1034: Found non-unate timing arc, from pin "in0" to pin "lcout" of instance "this_vga_signals.un4_pcounter.if_generate_plus.mult1_un54_sum_axb_3_LC_394", in the clock network. Converting the timing arc to positive-unate
Warning-1034: Found non-unate timing arc, from pin "in1" to pin "lcout" of instance "this_vga_signals.un4_pcounter.if_generate_plus.mult1_un54_sum_axb_3_LC_394", in the clock network. Converting the timing arc to positive-unate
Warning-1034: Found non-unate timing arc, from pin "in2" to pin "lcout" of instance "this_vga_signals.un4_pcounter.if_generate_plus.mult1_un54_sum_axb_3_LC_394", in the clock network. Converting the timing arc to positive-unate
Warning-1034: Found non-unate timing arc, from pin "in3" to pin "lcout" of instance "this_vga_signals.un4_pcounter.if_generate_plus.mult1_un54_sum_axb_3_LC_394", in the clock network. Converting the timing arc to positive-unate
Warning-1034: Found non-unate timing arc, from pin "in2" to pin "lcout" of instance "this_vga_signals.un4_pcounter.if_generate_plus.mult1_un54_sum_cry_1_s_LC_395", in the clock network. Converting the timing arc to positive-unate
Warning-1034: Found non-unate timing arc, from pin "in3" to pin "lcout" of instance "this_vga_signals.un4_pcounter.if_generate_plus.mult1_un54_sum_cry_1_s_LC_395", in the clock network. Converting the timing arc to positive-unate
Warning-1034: Found non-unate timing arc, from pin "in0" to pin "lcout" of instance "this_vga_signals.un4_pcounter.if_generate_plus.mult1_un54_sum_s_3_LC_396", in the clock network. Converting the timing arc to positive-unate
Warning-1034: Found non-unate timing arc, from pin "in3" to pin "lcout" of instance "this_vga_signals.un4_pcounter.if_generate_plus.mult1_un54_sum_s_3_LC_396", in the clock network. Converting the timing arc to positive-unate
Warning-1034: Found non-unate timing arc, from pin "in0" to pin "lcout" of instance "this_vga_signals.un4_pcounter.if_generate_plus.mult1_un61_sum_axb_3_LC_399", in the clock network. Converting the timing arc to positive-unate
Warning-1034: Found non-unate timing arc, from pin "in1" to pin "lcout" of instance "this_vga_signals.un4_pcounter.if_generate_plus.mult1_un61_sum_axb_3_LC_399", in the clock network. Converting the timing arc to positive-unate
Warning-1034: Found non-unate timing arc, from pin "in2" to pin "lcout" of instance "this_vga_signals.un4_pcounter.if_generate_plus.mult1_un61_sum_axb_3_LC_399", in the clock network. Converting the timing arc to positive-unate
Warning-1034: Found non-unate timing arc, from pin "in3" to pin "lcout" of instance "this_vga_signals.un4_pcounter.if_generate_plus.mult1_un61_sum_axb_3_LC_399", in the clock network. Converting the timing arc to positive-unate
Warning-1034: Found non-unate timing arc, from pin "in2" to pin "lcout" of instance "this_vga_signals.un4_pcounter.if_generate_plus.mult1_un61_sum_cry_1_s_LC_400", in the clock network. Converting the timing arc to positive-unate
Warning-1034: Found non-unate timing arc, from pin "in3" to pin "lcout" of instance "this_vga_signals.un4_pcounter.if_generate_plus.mult1_un61_sum_cry_1_s_LC_400", in the clock network. Converting the timing arc to positive-unate
Warning-1034: Found non-unate timing arc, from pin "in0" to pin "lcout" of instance "this_vga_signals.un4_pcounter.if_generate_plus.mult1_un61_sum_s_3_LC_401", in the clock network. Converting the timing arc to positive-unate
Warning-1034: Found non-unate timing arc, from pin "in3" to pin "lcout" of instance "this_vga_signals.un4_pcounter.if_generate_plus.mult1_un61_sum_s_3_LC_401", in the clock network. Converting the timing arc to positive-unate
Warning-1034: Found non-unate timing arc, from pin "in0" to pin "lcout" of instance "this_vga_signals.un4_pcounter.if_generate_plus.mult1_un68_sum_axb_3_LC_404", in the clock network. Converting the timing arc to positive-unate
Warning-1034: Found non-unate timing arc, from pin "in1" to pin "lcout" of instance "this_vga_signals.un4_pcounter.if_generate_plus.mult1_un68_sum_axb_3_LC_404", in the clock network. Converting the timing arc to positive-unate
Warning-1034: Found non-unate timing arc, from pin "in2" to pin "lcout" of instance "this_vga_signals.un4_pcounter.if_generate_plus.mult1_un68_sum_axb_3_LC_404", in the clock network. Converting the timing arc to positive-unate
Warning-1034: Found non-unate timing arc, from pin "in3" to pin "lcout" of instance "this_vga_signals.un4_pcounter.if_generate_plus.mult1_un68_sum_axb_3_LC_404", in the clock network. Converting the timing arc to positive-unate
Warning-1034: Found non-unate timing arc, from pin "in2" to pin "lcout" of instance "this_vga_signals.un4_pcounter.if_generate_plus.mult1_un68_sum_cry_1_s_LC_405", in the clock network. Converting the timing arc to positive-unate
Warning-1034: Found non-unate timing arc, from pin "in0" to pin "lcout" of instance "this_vga_signals.un4_pcounter.if_generate_plus.mult1_un68_sum_s_3_LC_406", in the clock network. Converting the timing arc to positive-unate
Warning-1034: Found non-unate timing arc, from pin "in3" to pin "lcout" of instance "this_vga_signals.un4_pcounter.if_generate_plus.mult1_un68_sum_s_3_LC_406", in the clock network. Converting the timing arc to positive-unate
Warning-1034: Found non-unate timing arc, from pin "in0" to pin "lcout" of instance "this_vga_signals.un4_pcounter.if_generate_plus.mult1_un75_sum_axb_3_LC_407", in the clock network. Converting the timing arc to positive-unate
Warning-1034: Found non-unate timing arc, from pin "in1" to pin "lcout" of instance "this_vga_signals.un4_pcounter.if_generate_plus.mult1_un75_sum_axb_3_LC_407", in the clock network. Converting the timing arc to positive-unate
Warning-1034: Found non-unate timing arc, from pin "in2" to pin "lcout" of instance "this_vga_signals.un4_pcounter.if_generate_plus.mult1_un75_sum_axb_3_LC_407", in the clock network. Converting the timing arc to positive-unate
Warning-1034: Found non-unate timing arc, from pin "in3" to pin "lcout" of instance "this_vga_signals.un4_pcounter.if_generate_plus.mult1_un75_sum_axb_3_LC_407", in the clock network. Converting the timing arc to positive-unate
Warning-1034: Found non-unate timing arc, from pin "in1" to pin "lcout" of instance "this_vga_signals.un4_pcounter.if_generate_plus.mult1_un75_sum_cry_1_c_inv_LC_408", in the clock network. Converting the timing arc to positive-unate
Warning-1034: Found non-unate timing arc, from pin "in2" to pin "lcout" of instance "this_vga_signals.un4_pcounter.if_generate_plus.mult1_un75_sum_cry_1_c_inv_LC_408", in the clock network. Converting the timing arc to positive-unate
Warning-1034: Found non-unate timing arc, from pin "in1" to pin "lcout" of instance "this_vga_signals.un4_pcounter.if_generate_plus.mult1_un75_sum_cry_2_c_inv_LC_409", in the clock network. Converting the timing arc to positive-unate
Warning-1034: Found non-unate timing arc, from pin "in2" to pin "lcout" of instance "this_vga_signals.un4_pcounter.if_generate_plus.mult1_un75_sum_cry_2_c_inv_LC_409", in the clock network. Converting the timing arc to positive-unate
Warning-1034: Found non-unate timing arc, from pin "in0" to pin "lcout" of instance "this_vga_signals.un4_pcounter.if_generate_plus.mult1_un75_sum_s_3_LC_410", in the clock network. Converting the timing arc to positive-unate
Warning-1034: Found non-unate timing arc, from pin "in3" to pin "lcout" of instance "this_vga_signals.un4_pcounter.if_generate_plus.mult1_un75_sum_s_3_LC_410", in the clock network. Converting the timing arc to positive-unate
Warning-1034: Found non-unate timing arc, from pin "in1" to pin "lcout" of instance "this_vga_signals.mult1_un40_sum_cry_1_THRU_LUT4_0_LC_533", in the clock network. Converting the timing arc to positive-unate
Warning-1034: Found non-unate timing arc, from pin "in2" to pin "lcout" of instance "this_vga_signals.mult1_un40_sum_cry_1_THRU_LUT4_0_LC_533", in the clock network. Converting the timing arc to positive-unate
Warning-1034: Found non-unate timing arc, from pin "in3" to pin "lcout" of instance "this_vga_signals.mult1_un40_sum_cry_1_THRU_LUT4_0_LC_533", in the clock network. Converting the timing arc to positive-unate
Warning-1034: Found non-unate timing arc, from pin "in3" to pin "lcout" of instance "this_vga_signals.mult1_un40_sum_cry_2_THRU_LUT4_0_LC_534", in the clock network. Converting the timing arc to positive-unate

Design Statistics after Packing
    Number of LUTs      	:	536
    Number of DFFs      	:	108
    Number of DFFs packed to IO	:	6
    Number of Carrys    	:	85

Device Utilization Summary after Packing
    Sequential LogicCells
        LUT and DFF      	:	64
        LUT, DFF and CARRY	:	44
    Combinational LogicCells
        Only LUT         	:	396
        CARRY Only       	:	9
        LUT with CARRY   	:	32
    LogicCells                  :	545/7680
    PLBs                        :	75/960
    BRAMs                       :	17/32
    IOs and GBIOs               :	44/95
    PLLs                        :	0/2


I2088: Phase 3, elapsed time : 0.7 (sec)

Phase 4
I2088: Phase 4, elapsed time : 0.2 (sec)

Phase 5
I2088: Phase 5, elapsed time : 1.7 (sec)

Phase 6
I2088: Phase 6, elapsed time : 39.2 (sec)

Final Design Statistics
    Number of LUTs      	:	536
    Number of DFFs      	:	108
    Number of DFFs packed to IO	:	6
    Number of Carrys    	:	85
    Number of RAMs      	:	17
    Number of ROMs      	:	0
    Number of IOs       	:	43
    Number of GBIOs     	:	1
    Number of GBs       	:	3
    Number of WarmBoot  	:	0
    Number of PLLs      	:	0

Device Utilization Summary
    LogicCells                  :	545/7680
    PLBs                        :	139/960
    BRAMs                       :	17/32
    IOs and GBIOs               :	44/95
    PLLs                        :	0/2



#####################################################################
Placement Timing Summary

The timing summary is based on estimated routing delays after
placement. For final timing report, please carry out the timing
analysis after routing.
=====================================================================

#####################################################################
                     Clock Summary 
=====================================================================
Number of clocks: 2
Clock: clk_0 | Frequency: 54.26 MHz | Target: 100.00 MHz
Clock: vga_signals_6|pixel_clk_inferred_clock | Frequency: N/A | Target: 1.00 MHz

=====================================================================
                     End of Clock Summary
#####################################################################

I2054: Placement of design completed successfully

I2076: Placer run-time: 42.1 sec.

