---------------------------------------
Resource Usage Report for cu_top_0 

Mapping to part: ice40hx8kcb132
Cell usage:
GND             9 uses
SB_CARRY        39 uses
SB_DFF          70 uses
SB_DFFESR       14 uses
SB_DFFSR        52 uses
SB_GB           2 uses
SB_RAM2048x2    16 uses
VCC             9 uses
SB_LUT4         373 uses

I/O ports: 43
I/O primitives: 34
SB_GB_IO       1 use
SB_IO          33 uses

I/O Register bits:                  0
Register bits not including I/Os:   136 (1%)

RAM/ROM usage summary
Block Rams : 16 of 32 (50%)


@S |Mapping Summary:
Total  LUTs: 373 (4%)

Distribution of All Consumed LUTs = LUT4 
Distribution of All Consumed Luts 373 = 373 

