* ******************************************************************************

* iCEcube Packer

* Version:            2020.12.27943

* Build Date:         Dec 10 2020 17:24:17

* File Generated:     May 27 2022 09:13:36

* Purpose:            General info of design implementation

* Copyright (C) 2006-2010 by Lattice Semiconductor Corp. All rights reserved.

* ******************************************************************************

Command Line: /opt/lscc/iCEcube2.2020.12/sbt_backend/bin/linux/opt/packer  /opt/lscc/iCEcube2.2020.12/sbt_backend/devices/ICE40P08.dev  /home/romuald/Projects/Miniish/Firmware/PPU/work/alchitry_imp/sbt/netlist/oadb-cu_top_0  --outdir  /home/romuald/Projects/Miniish/Firmware/PPU/work/alchitry_imp/sbt/outputs/packer  --package  CB132  --basename  cu_top_0  --src_sdc_file  /home/romuald/Projects/Miniish/Firmware/PPU/work/alchitry_imp/sbt/outputs/placer/cu_top_0_pl.sdc  --dst_sdc_file  /home/romuald/Projects/Miniish/Firmware/PPU/work/alchitry_imp/cu_top_0_pk.sdc  --translator  /opt/lscc/iCEcube2.2020.12/sbt_backend/bin/sdc_translator.tcl  --devicename  iCE40HX8K  

***** Device Info *****
Chip: iCE40HX8K
Package: CB132
Size: 32 X 32

***** Design Utilization Info *****
Design: cu_top_0
Used Logic Cell: 710/7680
Used Logic Tile: 194/960
Used IO Cell:    52/256
Used Bram Cell For iCE40: 21/32
Used PLL For iCE40: 0/2
Ram Cascading Used: 1
Lut Cascading Used: 1

***** Clock Info *****
Clock Domain: clk_0_c_g
Clock Source: clk 
Clock Driver: clk_ibuf_gb_io (ICE_GB_IO)
Driver Position: (16, 0, 1)
Fanout to FF: 250
Fanout to Tile: 120


***** Placement Info *****
Logic cell utilization per tile
    . . . . + . . . . 1 . . . . + . . . . 2 . . . . + . . . . 3 . . . . 
   --------------------------------------------------------------------
33|                                                                     
32|   0 0 0 0 0 0 0 0 0 0 0 0 0 0 0 0 0 0 0 0 0 0 0 0 0 0 0 0 0 0 0 0   
31|   0 0 0 0 0 0 0 0 1 0 0 0 0 0 0 0 0 0 1 1 0 0 1 2 0 1 0 0 0 0 0 0   
30|   0 0 0 0 0 0 0 0 0 0 0 0 0 0 1 0 0 0 0 0 0 0 0 0 0 0 0 0 0 0 0 0   
29|   0 0 0 0 0 0 0 0 1 0 0 0 0 0 0 0 0 0 0 0 0 0 0 0 0 0 0 0 0 0 0 0   
28|   0 0 0 0 0 0 0 0 3 0 0 0 0 0 0 0 0 0 0 0 0 0 0 0 0 0 0 0 0 0 0 0   
27|   0 0 0 0 1 0 0 0 1 0 0 2 0 0 0 0 0 0 0 0 0 0 0 0 0 0 0 0 0 0 0 0   
26|   0 0 0 0 0 0 1 0 2 2 3 1 0 0 0 0 0 1 0 0 0 0 0 0 0 0 0 0 0 0 0 0   
25|   0 0 0 0 0 0 1 0 2 6 3 0 0 1 0 0 0 2 1 0 1 0 0 2 0 2 0 0 0 0 0 0   
24|   0 0 0 0 0 0 0 0 8 0 4 1 0 1 1 0 6 7 6 2 5 2 3 3 0 8 0 0 0 0 0 0   
23|   0 0 0 0 0 0 0 0 1 7 4 1 2 0 1 6 8 7 8 8 2 2 0 1 0 8 0 0 0 0 0 0   
22|   0 0 0 0 0 0 1 0 3 1 6 1 4 1 6 5 8 8 6 8 3 3 5 8 0 0 0 0 0 0 0 0   
21|   0 0 0 0 0 0 1 0 2 5 7 8 1 5 7 1 8 8 6 8 5 6 4 8 0 0 0 0 0 0 0 0   
20|   0 0 0 0 0 2 1 0 7 2 7 1 5 7 4 6 1 7 8 5 8 6 2 3 0 0 0 0 0 0 0 0   
19|   0 0 0 0 0 2 3 0 8 7 7 8 7 6 6 6 5 3 6 6 5 7 2 4 0 0 0 0 0 0 0 1   
18|   0 0 0 0 0 0 1 0 4 4 3 1 1 8 3 3 2 1 5 7 8 5 8 5 0 0 0 0 0 0 0 0   
17|   0 0 0 0 0 0 6 0 7 6 4 3 1 2 1 2 1 1 3 5 6 8 8 5 0 1 0 0 0 0 0 0   
16|   0 0 0 0 0 0 0 0 2 2 2 1 1 1 1 1 1 1 2 5 4 2 6 1 0 0 0 0 0 0 0 0   
15|   0 0 0 0 1 0 0 0 2 1 1 1 0 2 0 1 0 0 0 0 1 2 1 1 0 0 0 0 0 0 0 0   
14|   0 0 0 0 0 0 0 0 0 0 0 0 0 0 1 0 0 0 0 0 0 0 0 2 0 0 0 0 0 0 0 0   
13|   0 0 0 0 0 0 0 0 0 0 0 0 0 0 0 0 0 0 0 0 0 0 0 2 0 0 0 0 0 0 0 0   
12|   0 0 0 0 0 0 0 0 0 0 0 0 0 0 0 0 0 0 0 0 0 0 0 0 0 0 0 0 0 0 0 0   
11|   0 0 0 0 0 0 0 0 0 0 0 0 0 0 0 0 0 0 0 0 1 0 0 0 0 0 0 0 0 0 0 0   
10|   0 0 0 0 0 0 0 0 0 0 0 0 0 0 0 0 0 0 0 0 0 0 0 0 0 0 0 0 0 0 0 0   
 9|   0 0 0 0 0 0 0 0 0 0 0 0 0 0 0 0 0 0 0 0 0 0 0 0 0 0 0 0 0 0 0 0   
 8|   0 0 0 0 0 0 0 0 0 0 0 0 0 0 0 0 0 0 0 0 0 0 0 0 0 0 0 0 0 0 0 0   
 7|   0 0 0 0 0 0 0 0 0 0 0 0 0 0 0 0 0 0 0 0 0 0 0 0 0 0 0 0 0 0 0 0   
 6|   0 0 0 0 0 0 0 0 0 0 0 0 0 0 0 0 0 0 0 0 0 0 0 0 0 0 0 0 0 0 0 0   
 5|   0 0 0 0 0 0 0 0 0 0 0 0 0 0 0 0 0 0 0 0 0 0 0 0 0 0 0 0 0 0 0 0   
 4|   0 0 0 0 0 0 0 0 0 0 0 0 0 0 0 0 0 0 0 0 0 0 0 0 0 0 0 0 0 0 0 0   
 3|   0 0 0 0 0 0 0 0 0 0 0 0 0 0 0 0 0 0 0 0 0 0 0 0 0 0 0 0 0 0 0 0   
 2|   0 0 0 0 0 0 0 0 0 0 0 0 0 0 0 0 0 0 0 0 0 0 0 0 0 0 0 0 0 0 0 0   
 1|   0 0 0 0 0 0 0 0 0 0 0 0 0 0 0 0 0 0 0 0 0 0 0 0 0 0 0 0 0 0 0 0   
 0|                                                                     

Maximum number of Logic cells per logic tile: 8
Average number of Logic cells per logic tile: 3.66

***** Input Pin Density Info *****
Number of input nets per logic tile
     .  .  .  .  +  .  .  .  .  1  .  .  .  .  +  .  .  .  .  2  .  .  .  .  +  .  .  .  .  3  .  .  .  . 
   ------------------------------------------------------------------------------------------------------
33|                                                                                                       
32|     0  0  0  0  0  0  0  0  0  0  0  0  0  0  0  0  0  0  0  0  0  0  0  0  0  0  0  0  0  0  0  0    
31|     0  0  0  0  0  0  0  0  4  0  0  0  0  0  0  0  0  0  4  4  0  0  4  6  0  4  0  0  0  0  0  0    
30|     0  0  0  0  0  0  0  0  0  0  0  0  0  0  1  0  0  0  0  0  0  0  0  0  0  0  0  0  0  0  0  0    
29|     0  0  0  0  0  0  0  0  2  0  0  0  0  0  0  0  0  0  0  0  0  0  0  0  0  0  0  0  0  0  0  0    
28|     0  0  0  0  0  0  0  0  5  0  0  0  0  0  0  0  0  0  0  0  0  0  0  0  0  0  0  0  0  0  0  0    
27|     0  0  0  0  1  0  0  0  2  0  0  3  0  0  0  0  0  0  0  0  0  0  0  0  0  0  0  0  0  0  0  0    
26|     0  0  0  0  0  0  2  0  8  4  6  4  0  0  0  0  0  4  0  0  0  0  0  0  0  0  0  0  0  0  0  0    
25|     0  0  0  0  0  0  2  0  5 12  7  0  0  2  0  0  0  8  1  0  4  0  0  4  0  6  0  0  0  0  0  0    
24|     0  0  0  0  0  0  0  0 17  0 10  2  0  3  4  0 16 18  9  5 16  4 10 10  0 16  0  0  0  0  0  0    
23|     0  0  0  0  0  0  0  0  4 16  9  3  3  0  4 19 17 19 17 19  2  5  0  3  0 17  0  0  0  0  0  0    
22|     0  0  0  0  0  0  2  0  7  2  9  2 14  3 10 20 21 19  8 13  5  9 18 17  0  0  0  0  0  0  0  0    
21|     0  0  0  0  0  0  1  0  3  7 20 17  2 12 17  2 21 20 13 12  5 16 10 16  0  0  0  0  0  0  0  0    
20|     0  0  0  0  0  3  2  0  9  5 15  4 12 16 13 11  3 17 20 16 17 17  5  9  0  0  0  0  0  0  0  0    
19|     0  0  0  0  0  2  4  0 24  7  9 22 13 15 14 18 16 10 16 18 16 21  6 12  0  0  0  0  0  0  0  4    
18|     0  0  0  0  0  0  1  0  5  5  3  1  1 18  8  8  4  4 11 15 17 16 19 14  0  0  0  0  0  0  0  0    
17|     0  0  0  0  0  0 13  0  8  7  4  3  1  5  1  5  4  3 11 12 14 21 16 16  0  3  0  0  0  0  0  0    
16|     0  0  0  0  0  0  0  0  3  2  2  1  1  2  1  1  3  3  4  9 13  7 15  4  0  0  0  0  0  0  0  0    
15|     0  0  0  0  2  0  0  0  3  1  1  1  0  3  0  2  0  0  0  0  4  8  4  4  0  0  0  0  0  0  0  0    
14|     0  0  0  0  0  0  0  0  0  0  0  0  0  0  1  0  0  0  0  0  0  0  0  4  0  0  0  0  0  0  0  0    
13|     0  0  0  0  0  0  0  0  0  0  0  0  0  0  0  0  0  0  0  0  0  0  0  4  0  0  0  0  0  0  0  0    
12|     0  0  0  0  0  0  0  0  0  0  0  0  0  0  0  0  0  0  0  0  0  0  0  0  0  0  0  0  0  0  0  0    
11|     0  0  0  0  0  0  0  0  0  0  0  0  0  0  0  0  0  0  0  0  3  0  0  0  0  0  0  0  0  0  0  0    
10|     0  0  0  0  0  0  0  0  0  0  0  0  0  0  0  0  0  0  0  0  0  0  0  0  0  0  0  0  0  0  0  0    
 9|     0  0  0  0  0  0  0  0  0  0  0  0  0  0  0  0  0  0  0  0  0  0  0  0  0  0  0  0  0  0  0  0    
 8|     0  0  0  0  0  0  0  0  0  0  0  0  0  0  0  0  0  0  0  0  0  0  0  0  0  0  0  0  0  0  0  0    
 7|     0  0  0  0  0  0  0  0  0  0  0  0  0  0  0  0  0  0  0  0  0  0  0  0  0  0  0  0  0  0  0  0    
 6|     0  0  0  0  0  0  0  0  0  0  0  0  0  0  0  0  0  0  0  0  0  0  0  0  0  0  0  0  0  0  0  0    
 5|     0  0  0  0  0  0  0  0  0  0  0  0  0  0  0  0  0  0  0  0  0  0  0  0  0  0  0  0  0  0  0  0    
 4|     0  0  0  0  0  0  0  0  0  0  0  0  0  0  0  0  0  0  0  0  0  0  0  0  0  0  0  0  0  0  0  0    
 3|     0  0  0  0  0  0  0  0  0  0  0  0  0  0  0  0  0  0  0  0  0  0  0  0  0  0  0  0  0  0  0  0    
 2|     0  0  0  0  0  0  0  0  0  0  0  0  0  0  0  0  0  0  0  0  0  0  0  0  0  0  0  0  0  0  0  0    
 1|     0  0  0  0  0  0  0  0  0  0  0  0  0  0  0  0  0  0  0  0  0  0  0  0  0  0  0  0  0  0  0  0    
 0|                                                                                                       

Maximum number of input nets per logic tile: 24
Average number of input nets per logic tile: 8.47

Number of input pins per logic tile
     .  .  .  .  +  .  .  .  .  1  .  .  .  .  +  .  .  .  .  2  .  .  .  .  +  .  .  .  .  3  .  .  .  . 
   ------------------------------------------------------------------------------------------------------
33|                                                                                                       
32|     0  0  0  0  0  0  0  0  0  0  0  0  0  0  0  0  0  0  0  0  0  0  0  0  0  0  0  0  0  0  0  0    
31|     0  0  0  0  0  0  0  0  4  0  0  0  0  0  0  0  0  0  4  4  0  0  4  8  0  4  0  0  0  0  0  0    
30|     0  0  0  0  0  0  0  0  0  0  0  0  0  0  1  0  0  0  0  0  0  0  0  0  0  0  0  0  0  0  0  0    
29|     0  0  0  0  0  0  0  0  2  0  0  0  0  0  0  0  0  0  0  0  0  0  0  0  0  0  0  0  0  0  0  0    
28|     0  0  0  0  0  0  0  0  6  0  0  0  0  0  0  0  0  0  0  0  0  0  0  0  0  0  0  0  0  0  0  0    
27|     0  0  0  0  1  0  0  0  2  0  0  3  0  0  0  0  0  0  0  0  0  0  0  0  0  0  0  0  0  0  0  0    
26|     0  0  0  0  0  0  2  0  8  8  7  4  0  0  0  0  0  4  0  0  0  0  0  0  0  0  0  0  0  0  0  0    
25|     0  0  0  0  0  0  2  0  6 21 10  0  0  2  0  0  0  8  1  0  4  0  0  8  0  8  0  0  0  0  0  0    
24|     0  0  0  0  0  0  0  0 25  0 13  2  0  3  4  0 19 26 20  7 18  6 12 12  0 16  0  0  0  0  0  0    
23|     0  0  0  0  0  0  0  0  4 24 11  3  5  0  4 24 29 23 29 29  2  6  0  3  0 24  0  0  0  0  0  0    
22|     0  0  0  0  0  0  2  0  7  2 24  2 14  3 14 20 30 27 11 26  8 12 20 23  0  0  0  0  0  0  0  0    
21|     0  0  0  0  0  0  1  0  6 17 23 23  2 14 24  2 31 28 17 24  7 21 14 22  0  0  0  0  0  0  0  0    
20|     0  0  0  0  0  3  2  0  9  5 25  4 14 24 15 20  3 26 26 20 21 22  6 10  0  0  0  0  0  0  0  0    
19|     0  0  0  0  0  2  5  0 24  7 13 27 27 22 19 18 18 11 21 22 18 26  6 15  0  0  0  0  0  0  0  4    
18|     0  0  0  0  0  0  1  0  7  8  3  1  1 23 12  8  4  4 15 20 25 19 22 17  0  0  0  0  0  0  0  0    
17|     0  0  0  0  0  0 19  0 13 12  4  3  1  5  1  5  4  3 12 16 21 27 16 18  0  3  0  0  0  0  0  0    
16|     0  0  0  0  0  0  0  0  4  2  2  1  1  2  1  1  3  3  4 17 13  8 24  4  0  0  0  0  0  0  0  0    
15|     0  0  0  0  2  0  0  0  4  1  1  1  0  4  0  2  0  0  0  0  4  8  4  4  0  0  0  0  0  0  0  0    
14|     0  0  0  0  0  0  0  0  0  0  0  0  0  0  1  0  0  0  0  0  0  0  0  8  0  0  0  0  0  0  0  0    
13|     0  0  0  0  0  0  0  0  0  0  0  0  0  0  0  0  0  0  0  0  0  0  0  8  0  0  0  0  0  0  0  0    
12|     0  0  0  0  0  0  0  0  0  0  0  0  0  0  0  0  0  0  0  0  0  0  0  0  0  0  0  0  0  0  0  0    
11|     0  0  0  0  0  0  0  0  0  0  0  0  0  0  0  0  0  0  0  0  3  0  0  0  0  0  0  0  0  0  0  0    
10|     0  0  0  0  0  0  0  0  0  0  0  0  0  0  0  0  0  0  0  0  0  0  0  0  0  0  0  0  0  0  0  0    
 9|     0  0  0  0  0  0  0  0  0  0  0  0  0  0  0  0  0  0  0  0  0  0  0  0  0  0  0  0  0  0  0  0    
 8|     0  0  0  0  0  0  0  0  0  0  0  0  0  0  0  0  0  0  0  0  0  0  0  0  0  0  0  0  0  0  0  0    
 7|     0  0  0  0  0  0  0  0  0  0  0  0  0  0  0  0  0  0  0  0  0  0  0  0  0  0  0  0  0  0  0  0    
 6|     0  0  0  0  0  0  0  0  0  0  0  0  0  0  0  0  0  0  0  0  0  0  0  0  0  0  0  0  0  0  0  0    
 5|     0  0  0  0  0  0  0  0  0  0  0  0  0  0  0  0  0  0  0  0  0  0  0  0  0  0  0  0  0  0  0  0    
 4|     0  0  0  0  0  0  0  0  0  0  0  0  0  0  0  0  0  0  0  0  0  0  0  0  0  0  0  0  0  0  0  0    
 3|     0  0  0  0  0  0  0  0  0  0  0  0  0  0  0  0  0  0  0  0  0  0  0  0  0  0  0  0  0  0  0  0    
 2|     0  0  0  0  0  0  0  0  0  0  0  0  0  0  0  0  0  0  0  0  0  0  0  0  0  0  0  0  0  0  0  0    
 1|     0  0  0  0  0  0  0  0  0  0  0  0  0  0  0  0  0  0  0  0  0  0  0  0  0  0  0  0  0  0  0  0    
 0|                                                                                                       

Maximum number of input pins per logic tile: 31
Average number of input pins per logic tile: 11.07

***** Run Time Info *****
Run Time:  1
