* ******************************************************************************

* iCEcube Packer

* Version:            2020.12.27943

* Build Date:         Dec 10 2020 17:24:17

* File Generated:     May 8 2022 20:03:15

* Purpose:            General info of design implementation

* Copyright (C) 2006-2010 by Lattice Semiconductor Corp. All rights reserved.

* ******************************************************************************

Command Line: /opt/lscc/iCEcube2.2020.12/sbt_backend/bin/linux/opt/packer  /opt/lscc/iCEcube2.2020.12/sbt_backend/devices/ICE40P08.dev  /home/romuald/Projects/Miniish/Firmware/PPU/work/alchitry_imp/sbt/netlist/oadb-cu_top_0  --outdir  /home/romuald/Projects/Miniish/Firmware/PPU/work/alchitry_imp/sbt/outputs/packer  --package  CB132  --basename  cu_top_0  --src_sdc_file  /home/romuald/Projects/Miniish/Firmware/PPU/work/alchitry_imp/sbt/outputs/placer/cu_top_0_pl.sdc  --dst_sdc_file  /home/romuald/Projects/Miniish/Firmware/PPU/work/alchitry_imp/cu_top_0_pk.sdc  --translator  /opt/lscc/iCEcube2.2020.12/sbt_backend/bin/sdc_translator.tcl  --devicename  iCE40HX8K  

***** Device Info *****
Chip: iCE40HX8K
Package: CB132
Size: 32 X 32

***** Design Utilization Info *****
Design: cu_top_0
Used Logic Cell: 444/7680
Used Logic Tile: 129/960
Used IO Cell:    34/256
Used Bram Cell For iCE40: 16/32
Used PLL For iCE40: 0/2
Ram Cascading Used: 1
Lut Cascading Used: 1

***** Clock Info *****
Clock Domain: clk_c_g
Clock Source: clk 
Clock Driver: clk_ibuf_gb_io (ICE_GB_IO)
Driver Position: (16, 0, 1)
Fanout to FF: 168
Fanout to Tile: 77


***** Placement Info *****
Logic cell utilization per tile
    . . . . + . . . . 1 . . . . + . . . . 2 . . . . + . . . . 3 . . . . 
   --------------------------------------------------------------------
33|                                                                     
32|   0 0 0 0 0 0 0 0 0 0 0 0 0 0 0 0 0 0 0 0 0 0 0 0 0 0 0 0 0 0 0 0   
31|   0 0 0 0 0 0 0 0 0 0 0 0 0 0 0 0 0 0 1 1 0 0 0 1 0 0 0 0 0 0 0 0   
30|   0 0 0 0 0 0 0 0 0 0 0 0 0 0 0 0 0 0 0 0 0 0 0 1 0 0 0 0 0 0 0 0   
29|   0 0 1 0 0 0 0 0 0 0 0 0 0 0 0 0 0 0 0 0 0 0 0 1 0 0 0 0 0 0 0 0   
28|   0 0 0 0 0 0 0 0 0 0 0 0 0 0 0 0 0 0 0 0 0 1 0 2 0 0 0 0 0 0 0 0   
27|   0 0 0 0 0 0 1 0 0 0 0 0 0 0 0 0 0 0 0 0 0 0 1 2 0 1 0 0 0 0 0 0   
26|   0 0 0 0 0 0 0 0 0 0 0 0 0 0 0 0 0 0 0 0 0 0 0 1 0 0 0 0 0 0 0 0   
25|   0 0 0 0 0 0 0 0 0 0 0 0 0 0 0 0 0 0 0 0 0 0 0 1 0 0 0 0 0 0 0 0   
24|   0 0 0 0 1 0 0 0 0 0 0 0 0 0 0 0 0 0 0 0 0 0 0 1 0 1 0 0 0 0 0 0   
23|   0 0 0 0 1 0 0 0 0 0 0 0 0 0 0 0 0 0 0 0 0 0 0 1 0 0 0 0 0 0 0 0   
22|   1 0 0 0 0 0 0 0 0 0 0 0 0 0 0 0 0 0 0 0 0 0 0 1 0 0 0 0 0 0 0 0   
21|   0 0 0 0 0 0 0 0 1 0 1 0 0 0 0 0 0 0 0 0 0 1 0 1 0 0 0 0 0 0 0 1   
20|   0 0 0 0 0 0 1 0 0 0 1 1 5 3 0 0 0 0 0 0 0 0 0 2 0 0 0 0 0 0 0 0   
19|   0 0 0 0 0 0 0 0 0 1 1 0 7 7 2 0 0 1 0 0 1 0 0 1 0 0 0 0 0 0 0 0   
18|   0 0 0 0 0 0 0 0 0 1 0 0 5 2 3 2 3 2 3 5 0 2 0 1 0 0 0 0 0 0 0 0   
17|   0 0 0 0 0 0 1 0 0 0 1 0 8 2 6 7 8 0 4 5 1 1 2 0 0 0 0 0 0 0 0 0   
16|   0 0 0 0 0 0 0 0 0 1 0 0 0 0 2 6 1 4 4 0 0 1 0 1 0 0 0 0 0 0 0 0   
15|   0 0 0 0 0 0 0 0 0 0 0 4 1 0 0 0 7 8 8 0 0 0 0 2 0 0 0 0 0 0 0 0   
14|   0 0 0 0 0 0 0 0 0 0 0 3 5 5 1 0 5 8 3 1 0 0 0 3 0 0 0 0 0 0 0 0   
13|   0 0 0 0 0 0 0 0 0 0 0 0 0 6 5 1 7 8 4 0 0 0 1 7 0 0 0 0 0 0 0 0   
12|   0 0 0 0 0 0 0 0 0 1 0 0 0 0 0 0 0 3 3 5 5 6 3 3 0 0 0 0 0 0 0 0   
11|   0 0 0 0 0 0 0 0 0 0 0 0 0 0 0 0 6 7 8 8 8 8 8 1 0 0 0 0 0 0 0 0   
10|   0 0 0 0 0 0 0 0 0 0 0 0 0 0 0 0 5 8 8 7 7 8 3 6 0 0 0 0 0 0 0 0   
 9|   0 0 0 0 0 0 0 0 0 0 0 0 0 0 0 0 4 4 8 4 6 6 8 3 0 0 0 0 0 0 0 0   
 8|   0 0 0 0 0 0 0 0 0 0 0 0 0 0 0 0 0 0 0 1 0 0 0 4 0 0 0 0 0 0 0 0   
 7|   0 0 0 0 0 0 0 0 0 0 0 0 0 0 0 0 0 0 0 0 0 0 0 1 0 0 0 0 0 0 0 0   
 6|   0 0 0 0 0 0 0 0 0 0 0 0 0 0 0 0 0 0 0 0 0 0 0 0 0 0 0 0 0 0 0 0   
 5|   0 0 0 0 0 0 0 0 0 0 0 0 0 0 0 0 0 0 0 0 0 0 0 0 0 0 0 0 0 0 0 0   
 4|   0 0 0 0 0 0 0 0 0 0 0 0 0 0 0 0 0 0 0 0 0 0 0 0 0 0 0 0 0 0 0 0   
 3|   0 0 0 0 0 0 0 0 0 0 0 0 0 0 0 0 0 0 0 0 0 0 0 0 0 0 0 0 0 0 0 0   
 2|   0 0 0 0 0 0 0 0 0 0 0 0 0 0 0 0 0 0 0 0 0 0 0 0 0 0 0 0 0 0 0 0   
 1|   0 0 0 0 0 0 0 0 0 0 0 0 0 0 0 0 0 0 0 0 0 0 0 0 0 0 0 0 0 0 0 0   
 0|                                                                     

Maximum number of Logic cells per logic tile: 8
Average number of Logic cells per logic tile: 3.44

***** Input Pin Density Info *****
Number of input nets per logic tile
     .  .  .  .  +  .  .  .  .  1  .  .  .  .  +  .  .  .  .  2  .  .  .  .  +  .  .  .  .  3  .  .  .  . 
   ------------------------------------------------------------------------------------------------------
33|                                                                                                       
32|     0  0  0  0  0  0  0  0  0  0  0  0  0  0  0  0  0  0  0  0  0  0  0  0  0  0  0  0  0  0  0  0    
31|     0  0  0  0  0  0  0  0  0  0  0  0  0  0  0  0  0  0  4  4  0  0  0  2  0  0  0  0  0  0  0  0    
30|     0  0  0  0  0  0  0  0  0  0  0  0  0  0  0  0  0  0  0  0  0  0  0  3  0  0  0  0  0  0  0  0    
29|     0  0  0  0  0  0  0  0  0  0  0  0  0  0  0  0  0  0  0  0  0  0  0  1  0  0  0  0  0  0  0  0    
28|     0  0  0  0  0  0  0  0  0  0  0  0  0  0  0  0  0  0  0  0  0  4  0  2  0  0  0  0  0  0  0  0    
27|     0  0  0  0  0  0  1  0  0  0  0  0  0  0  0  0  0  0  0  0  0  0  1  2  0  4  0  0  0  0  0  0    
26|     0  0  0  0  0  0  0  0  0  0  0  0  0  0  0  0  0  0  0  0  0  0  0  4  0  0  0  0  0  0  0  0    
25|     0  0  0  0  0  0  0  0  0  0  0  0  0  0  0  0  0  0  0  0  0  0  0  1  0  0  0  0  0  0  0  0    
24|     0  0  0  0  1  0  0  0  0  0  0  0  0  0  0  0  0  0  0  0  0  0  0  1  0  4  0  0  0  0  0  0    
23|     0  0  0  0  1  0  0  0  0  0  0  0  0  0  0  0  0  0  0  0  0  0  0  1  0  0  0  0  0  0  0  0    
22|     1  0  0  0  0  0  0  0  0  0  0  0  0  0  0  0  0  0  0  0  0  0  0  1  0  0  0  0  0  0  0  0    
21|     0  0  0  0  0  0  0  0  2  0  2  0  0  0  0  0  0  0  0  0  0  3  0  1  0  0  0  0  0  0  0  4    
20|     0  0  0  0  0  0  2  0  0  0  4  4 13  8  0  0  0  0  0  0  0  0  0  4  0  0  0  0  0  0  0  0    
19|     0  0  0  0  0  0  0  0  0  4  2  0 17 20  6  0  0  2  0  0  4  0  0  1  0  0  0  0  0  0  0  0    
18|     0  0  0  0  0  0  0  0  0  4  0  0 12  6  7  2  7  2  6 14  0  7  0  1  0  0  0  0  0  0  0  0    
17|     0  0  0  0  0  0  2  0  0  0  4  0 16  7 15 15 17  0 10 14  4  4  6  0  0  0  0  0  0  0  0  0    
16|     0  0  0  0  0  0  0  0  0  3  0  0  0  0  7 13  1  8  4  0  0  4  0  1  0  0  0  0  0  0  0  0    
15|     0  0  0  0  0  0  0  0  0  0  0  6  1  0  0  0 11 16 11  0  0  0  0  5  0  0  0  0  0  0  0  0    
14|     0  0  0  0  0  0  0  0  0  0  0  4  5  5  1  0  8 21  7  3  0  0  0  4  0  0  0  0  0  0  0  0    
13|     0  0  0  0  0  0  0  0  0  0  0  0  0  6  5  1 18 21  9  0  0  0  3 18  0  0  0  0  0  0  0  0    
12|     0  0  0  0  0  0  0  0  0  4  0  0  0  0  0  0  0  8  8 15 17 12  6  8  0  0  0  0  0  0  0  0    
11|     0  0  0  0  0  0  0  0  0  0  0  0  0  0  0  0 22 21 15 10 16 16 22  1  0  0  0  0  0  0  0  0    
10|     0  0  0  0  0  0  0  0  0  0  0  0  0  0  0  0 12 22 17 18 13 13  5 14  0  0  0  0  0  0  0  0    
 9|     0  0  0  0  0  0  0  0  0  0  0  0  0  0  0  0  4 11 15  9 14 10 16  8  0  0  0  0  0  0  0  0    
 8|     0  0  0  0  0  0  0  0  0  0  0  0  0  0  0  0  0  0  0  3  0  0  0 11  0  0  0  0  0  0  0  0    
 7|     0  0  0  0  0  0  0  0  0  0  0  0  0  0  0  0  0  0  0  0  0  0  0  3  0  0  0  0  0  0  0  0    
 6|     0  0  0  0  0  0  0  0  0  0  0  0  0  0  0  0  0  0  0  0  0  0  0  0  0  0  0  0  0  0  0  0    
 5|     0  0  0  0  0  0  0  0  0  0  0  0  0  0  0  0  0  0  0  0  0  0  0  0  0  0  0  0  0  0  0  0    
 4|     0  0  0  0  0  0  0  0  0  0  0  0  0  0  0  0  0  0  0  0  0  0  0  0  0  0  0  0  0  0  0  0    
 3|     0  0  0  0  0  0  0  0  0  0  0  0  0  0  0  0  0  0  0  0  0  0  0  0  0  0  0  0  0  0  0  0    
 2|     0  0  0  0  0  0  0  0  0  0  0  0  0  0  0  0  0  0  0  0  0  0  0  0  0  0  0  0  0  0  0  0    
 1|     0  0  0  0  0  0  0  0  0  0  0  0  0  0  0  0  0  0  0  0  0  0  0  0  0  0  0  0  0  0  0  0    
 0|                                                                                                       

Maximum number of input nets per logic tile: 22
Average number of input nets per logic tile: 7.63

Number of input pins per logic tile
     .  .  .  .  +  .  .  .  .  1  .  .  .  .  +  .  .  .  .  2  .  .  .  .  +  .  .  .  .  3  .  .  .  . 
   ------------------------------------------------------------------------------------------------------
33|                                                                                                       
32|     0  0  0  0  0  0  0  0  0  0  0  0  0  0  0  0  0  0  0  0  0  0  0  0  0  0  0  0  0  0  0  0    
31|     0  0  0  0  0  0  0  0  0  0  0  0  0  0  0  0  0  0  4  4  0  0  0  2  0  0  0  0  0  0  0  0    
30|     0  0  0  0  0  0  0  0  0  0  0  0  0  0  0  0  0  0  0  0  0  0  0  3  0  0  0  0  0  0  0  0    
29|     0  0  0  0  0  0  0  0  0  0  0  0  0  0  0  0  0  0  0  0  0  0  0  1  0  0  0  0  0  0  0  0    
28|     0  0  0  0  0  0  0  0  0  0  0  0  0  0  0  0  0  0  0  0  0  4  0  2  0  0  0  0  0  0  0  0    
27|     0  0  0  0  0  0  1  0  0  0  0  0  0  0  0  0  0  0  0  0  0  0  1  2  0  4  0  0  0  0  0  0    
26|     0  0  0  0  0  0  0  0  0  0  0  0  0  0  0  0  0  0  0  0  0  0  0  4  0  0  0  0  0  0  0  0    
25|     0  0  0  0  0  0  0  0  0  0  0  0  0  0  0  0  0  0  0  0  0  0  0  1  0  0  0  0  0  0  0  0    
24|     0  0  0  0  1  0  0  0  0  0  0  0  0  0  0  0  0  0  0  0  0  0  0  1  0  4  0  0  0  0  0  0    
23|     0  0  0  0  1  0  0  0  0  0  0  0  0  0  0  0  0  0  0  0  0  0  0  1  0  0  0  0  0  0  0  0    
22|     1  0  0  0  0  0  0  0  0  0  0  0  0  0  0  0  0  0  0  0  0  0  0  1  0  0  0  0  0  0  0  0    
21|     0  0  0  0  0  0  0  0  2  0  2  0  0  0  0  0  0  0  0  0  0  3  0  1  0  0  0  0  0  0  0  4    
20|     0  0  0  0  0  0  2  0  0  0  4  4 17 12  0  0  0  0  0  0  0  0  0  8  0  0  0  0  0  0  0  0    
19|     0  0  0  0  0  0  0  0  0  4  2  0 25 25  6  0  0  2  0  0  4  0  0  1  0  0  0  0  0  0  0  0    
18|     0  0  0  0  0  0  0  0  0  4  0  0 18  6 12  3  8  2  6 20  0  7  0  1  0  0  0  0  0  0  0  0    
17|     0  0  0  0  0  0  2  0  0  0  4  0 16  7 19 24 17  0 15 18  4  4  6  0  0  0  0  0  0  0  0  0    
16|     0  0  0  0  0  0  0  0  0  3  0  0  0  0  7 21  1  8  4  0  0  4  0  1  0  0  0  0  0  0  0  0    
15|     0  0  0  0  0  0  0  0  0  0  0  6  1  0  0  0 23 17 30  0  0  0  0  6  0  0  0  0  0  0  0  0    
14|     0  0  0  0  0  0  0  0  0  0  0  6  5  5  1  0 16 28  9  3  0  0  0 12  0  0  0  0  0  0  0  0    
13|     0  0  0  0  0  0  0  0  0  0  0  0  0  6  5  1 25 29 13  0  0  0  3 22  0  0  0  0  0  0  0  0    
12|     0  0  0  0  0  0  0  0  0  4  0  0  0  0  0  0  0  9 11 16 19 23 11  9  0  0  0  0  0  0  0  0    
11|     0  0  0  0  0  0  0  0  0  0  0  0  0  0  0  0 24 28 30 27 29 23 30  1  0  0  0  0  0  0  0  0    
10|     0  0  0  0  0  0  0  0  0  0  0  0  0  0  0  0 16 31 30 27 20 22  5 18  0  0  0  0  0  0  0  0    
 9|     0  0  0  0  0  0  0  0  0  0  0  0  0  0  0  0  7 13 29 13 17 12 17  9  0  0  0  0  0  0  0  0    
 8|     0  0  0  0  0  0  0  0  0  0  0  0  0  0  0  0  0  0  0  3  0  0  0 12  0  0  0  0  0  0  0  0    
 7|     0  0  0  0  0  0  0  0  0  0  0  0  0  0  0  0  0  0  0  0  0  0  0  3  0  0  0  0  0  0  0  0    
 6|     0  0  0  0  0  0  0  0  0  0  0  0  0  0  0  0  0  0  0  0  0  0  0  0  0  0  0  0  0  0  0  0    
 5|     0  0  0  0  0  0  0  0  0  0  0  0  0  0  0  0  0  0  0  0  0  0  0  0  0  0  0  0  0  0  0  0    
 4|     0  0  0  0  0  0  0  0  0  0  0  0  0  0  0  0  0  0  0  0  0  0  0  0  0  0  0  0  0  0  0  0    
 3|     0  0  0  0  0  0  0  0  0  0  0  0  0  0  0  0  0  0  0  0  0  0  0  0  0  0  0  0  0  0  0  0    
 2|     0  0  0  0  0  0  0  0  0  0  0  0  0  0  0  0  0  0  0  0  0  0  0  0  0  0  0  0  0  0  0  0    
 1|     0  0  0  0  0  0  0  0  0  0  0  0  0  0  0  0  0  0  0  0  0  0  0  0  0  0  0  0  0  0  0  0    
 0|                                                                                                       

Maximum number of input pins per logic tile: 31
Average number of input pins per logic tile: 10.26

***** Run Time Info *****
Run Time:  1
